======================================
 Run started at Fri Sep 19 16:49:31 CST 2025
======================================
[INFO] 开始推理...
Loaded config:
  Task: track
  Model: /home/HwHiAiUser/gp/AYOT/model/YOLO11s_guyu_obb_MVRSD_640.om
  Model Type: YOLO11_OBB
  Input: /home/HwHiAiUser/gp/DATASETS/testv2_800_02
  Class num: 5
  Labels: AFV, CV, LMV, MCV, SMV

[INFO]  Acl init ok
[INFO]  Open device 0 ok
[INFO]  Use default context currently
[INFO]  dvpp init resource ok
[INFO]  Load model /home/HwHiAiUser/gp/AYOT/model/YOLO11s_guyu_obb_MVRSD_640.om success
[INFO]  Create model description success
[INFO]  Create model(/home/HwHiAiUser/gp/AYOT/model/YOLO11s_guyu_obb_MVRSD_640.om) output success
[INFO]  Init model /home/HwHiAiUser/gp/AYOT/model/YOLO11s_guyu_obb_MVRSD_640.om success
[INFO]  Model initialized successfully
[INFO]  Input size: 640x640
[INFO]  Output boxes: 8400
[INFO]  Classes: 5
[INFO]  Using ProbIoU for NMS processing
Init ByteTrack!
