======================================
 Run started at Fri Sep 19 20:35:54 CST 2025
======================================
[INFO] 开始推理...
Loaded config:
  Task: track
  Model: /home/HwHiAiUser/gp/AYOT/model/YOLO11s_guyu_obb_MVRSD_640.om
  Model Type: YOLO11_OBB
  Input: /home/HwHiAiUser/gp/DATASETS/testv2
  Class num: 5
  Labels: AFV, CV, LMV, MCV, SMV

[INFO]  Acl init ok
[INFO]  Open device 0 ok
[INFO]  Use default context currently
[INFO]  dvpp init resource ok
[INFO]  Load model /home/HwHiAiUser/gp/AYOT/model/YOLO11s_guyu_obb_MVRSD_640.om success
[INFO]  Create model description success
[INFO]  Create model(/home/HwHiAiUser/gp/AYOT/model/YOLO11s_guyu_obb_MVRSD_640.om) output success
[INFO]  Init model /home/HwHiAiUser/gp/AYOT/model/YOLO11s_guyu_obb_MVRSD_640.om success
[INFO]  Model initialized successfully
[INFO]  Input size: 640x640
[INFO]  Output boxes: 8400
[INFO]  Classes: 5
[INFO]  Using ProbIoU for NMS processing
Init ByteTrack!
[Track] 检测模块平均 FPS = 17.3449  |  跟踪模块平均 FPS = 70.8589
[INFO]  Unload model /home/HwHiAiUser/gp/AYOT/model/YOLO11s_guyu_obb_MVRSD_640.om success
[INFO]  destroy context ok
[INFO]  Reset device 0 ok
[INFO]  Finalize acl ok
[INFO] 推理完成.
找到 360 张图片
第一张: 000001.jpg
最后一张: 000360.jpg
已读取 50/360 张图片
已读取 100/360 张图片
已读取 150/360 张图片
已读取 200/360 张图片
已读取 250/360 张图片
已读取 300/360 张图片
已读取 350/360 张图片
已读取 360/360 张图片
视频尺寸: 640x640
已写入 50/360 帧
已写入 100/360 帧
已写入 150/360 帧
已写入 200/360 帧
已写入 250/360 帧
已写入 300/360 帧
已写入 350/360 帧
已写入 360/360 帧
视频已生成: ./results/output.mp4
总帧数: 360, 帧率: 30 fps, 时长: 12.00 秒
[INFO] 视频生成完成.
