======================================
 Run started at Fri Sep 19 11:42:16 CST 2025
======================================
[INFO] 开始推理...
[INFO]  Acl init ok
[INFO]  Open device 0 ok
[INFO]  Use default context currently
[INFO]  dvpp init resource ok
[INFO]  Load model /home/HwHiAiUser/gp/AYOT/model/best0919.om success
[INFO]  Create model description success
[INFO]  Create model(/home/HwHiAiUser/gp/AYOT/model/best0919.om) output success
[INFO]  Init model /home/HwHiAiUser/gp/AYOT/model/best0919.om success
[INFO]  Model initialized successfully
[INFO]  Input size: 640x640
[INFO]  Output boxes: 8400
[INFO]  Classes: 5
[INFO]  Using ProbIoU for NMS processing
Init ByteTrack!
[Track] 检测模块平均 FPS = 25.007  |  跟踪模块平均 FPS = 73.9695
[INFO]  Unload model /home/HwHiAiUser/gp/AYOT/model/best0919.om success
[INFO]  destroy context ok
[INFO]  Reset device 0 ok
[INFO]  Finalize acl ok
[INFO] 推理完成.
